<?xml version="1.0" encoding="UTF-8"?>
<testng-results skipped="0" failed="1" ignored="0" total="7" passed="6">
  <reporter-output>
  </reporter-output>
  <suite name="Suite1" duration-ms="174383" started-at="2019-05-12T11:54:45Z" finished-at="2019-05-12T11:57:39Z">
    <groups>
    </groups>
    <test name="BookingHotelsTests" duration-ms="120821" started-at="2019-05-12T11:54:45Z" finished-at="2019-05-12T11:56:45Z">
      <class name="tests.BookingHotelTests">
        <test-method status="PASS" signature="searchHotel()[pri:0, instance:tests.BookingHotelTests@4e41089d]" name="searchHotel" duration-ms="16729" started-at="2019-05-12T11:54:45Z" finished-at="2019-05-12T11:55:01Z">
          <reporter-output>
          </reporter-output>
        </test-method> <!-- searchHotel -->
        <test-method status="PASS" signature="shutDown()[pri:0, instance:tests.BookingHotelTests@4e41089d]" name="shutDown" is-config="true" duration-ms="602" started-at="2019-05-12T11:55:01Z" finished-at="2019-05-12T11:55:02Z">
          <reporter-output>
          </reporter-output>
        </test-method> <!-- shutDown -->
        <test-method status="PASS" signature="reservationHotel()[pri:0, instance:tests.BookingHotelTests@4e41089d]" name="reservationHotel" duration-ms="47613" started-at="2019-05-12T11:55:02Z" depends-on-methods="tests.BookingHotelTests.searchHotel" finished-at="2019-05-12T11:55:50Z">
          <reporter-output>
          </reporter-output>
        </test-method> <!-- reservationHotel -->
        <test-method status="PASS" signature="shutDown()[pri:0, instance:tests.BookingHotelTests@4e41089d]" name="shutDown" is-config="true" duration-ms="630" started-at="2019-05-12T11:55:50Z" finished-at="2019-05-12T11:55:50Z">
          <reporter-output>
          </reporter-output>
        </test-method> <!-- shutDown -->
        <test-method status="PASS" signature="cancelingReservation()[pri:0, instance:tests.BookingHotelTests@4e41089d]" name="cancelingReservation" duration-ms="23038" started-at="2019-05-12T11:55:50Z" depends-on-methods="tests.BookingHotelTests.reservationHotel" finished-at="2019-05-12T11:56:13Z">
          <reporter-output>
          </reporter-output>
        </test-method> <!-- cancelingReservation -->
        <test-method status="PASS" signature="shutDown()[pri:0, instance:tests.BookingHotelTests@4e41089d]" name="shutDown" is-config="true" duration-ms="596" started-at="2019-05-12T11:56:13Z" finished-at="2019-05-12T11:56:14Z">
          <reporter-output>
          </reporter-output>
        </test-method> <!-- shutDown -->
        <test-method status="PASS" signature="bookHotelWithWrongBankCard()[pri:0, instance:tests.BookingHotelTests@4e41089d]" name="bookHotelWithWrongBankCard" duration-ms="30993" started-at="2019-05-12T11:56:14Z" depends-on-methods="tests.BookingHotelTests.cancelingReservation" finished-at="2019-05-12T11:56:45Z">
          <reporter-output>
          </reporter-output>
        </test-method> <!-- bookHotelWithWrongBankCard -->
        <test-method status="PASS" signature="shutDown()[pri:0, instance:tests.BookingHotelTests@4e41089d]" name="shutDown" is-config="true" duration-ms="606" started-at="2019-05-12T11:56:45Z" finished-at="2019-05-12T11:56:45Z">
          <reporter-output>
          </reporter-output>
        </test-method> <!-- shutDown -->
      </class> <!-- tests.BookingHotelTests -->
    </test> <!-- BookingHotelsTests -->
    <test name="CarRentalsTest" duration-ms="20277" started-at="2019-05-12T11:56:46Z" finished-at="2019-05-12T11:57:06Z">
      <class name="tests.CarRentalsTest">
        <test-method status="PASS" signature="searchCar()[pri:0, instance:tests.CarRentalsTest@442675e1]" name="searchCar" duration-ms="19687" started-at="2019-05-12T11:56:46Z" finished-at="2019-05-12T11:57:05Z">
          <reporter-output>
          </reporter-output>
        </test-method> <!-- searchCar -->
        <test-method status="PASS" signature="shutDown()[pri:0, instance:tests.CarRentalsTest@442675e1]" name="shutDown" is-config="true" duration-ms="589" started-at="2019-05-12T11:57:05Z" finished-at="2019-05-12T11:57:06Z">
          <reporter-output>
          </reporter-output>
        </test-method> <!-- shutDown -->
      </class> <!-- tests.CarRentalsTest -->
    </test> <!-- CarRentalsTest -->
    <test name="FlightsTests" duration-ms="19299" started-at="2019-05-12T11:57:06Z" finished-at="2019-05-12T11:57:25Z">
      <class name="tests.FlightsTest">
        <test-method status="FAIL" signature="searchFlights()[pri:0, instance:tests.FlightsTest@6e38921c]" name="searchFlights" duration-ms="18699" started-at="2019-05-12T11:57:06Z" finished-at="2019-05-12T11:57:25Z">
          <exception class="java.lang.AssertionError">
            <message>
              <![CDATA[expected [true] but found [false]]]>
            </message>
            <full-stacktrace>
              <![CDATA[java.lang.AssertionError: expected [true] but found [false]
at org.testng.Assert.fail(Assert.java:96)
at org.testng.Assert.failNotEquals(Assert.java:776)
at org.testng.Assert.assertTrue(Assert.java:44)
at org.testng.Assert.assertTrue(Assert.java:54)
at tests.FlightsTest.searchFlights(FlightsTest.java:34)
at sun.reflect.NativeMethodAccessorImpl.invoke0(Native Method)
at sun.reflect.NativeMethodAccessorImpl.invoke(NativeMethodAccessorImpl.java:62)
at sun.reflect.DelegatingMethodAccessorImpl.invoke(DelegatingMethodAccessorImpl.java:43)
at java.lang.reflect.Method.invoke(Method.java:498)
at org.testng.internal.MethodInvocationHelper.invokeMethod(MethodInvocationHelper.java:124)
at org.testng.internal.Invoker.invokeMethod(Invoker.java:583)
at org.testng.internal.Invoker.invokeTestMethod(Invoker.java:719)
at org.testng.internal.Invoker.invokeTestMethods(Invoker.java:989)
at org.testng.internal.TestMethodWorker.invokeTestMethods(TestMethodWorker.java:125)
at org.testng.internal.TestMethodWorker.run(TestMethodWorker.java:109)
at org.testng.TestRunner.privateRun(TestRunner.java:648)
at org.testng.TestRunner.run(TestRunner.java:505)
at org.testng.SuiteRunner.runTest(SuiteRunner.java:455)
at org.testng.SuiteRunner.runSequentially(SuiteRunner.java:450)
at org.testng.SuiteRunner.privateRun(SuiteRunner.java:415)
at org.testng.SuiteRunner.run(SuiteRunner.java:364)
at org.testng.SuiteRunnerWorker.runSuite(SuiteRunnerWorker.java:52)
at org.testng.SuiteRunnerWorker.run(SuiteRunnerWorker.java:84)
at org.testng.TestNG.runSuitesSequentially(TestNG.java:1208)
at org.testng.TestNG.runSuitesLocally(TestNG.java:1137)
at org.testng.TestNG.runSuites(TestNG.java:1049)
at org.testng.TestNG.run(TestNG.java:1017)
at org.apache.maven.surefire.testng.TestNGExecutor.run(TestNGExecutor.java:283)
at org.apache.maven.surefire.testng.TestNGXmlTestSuite.execute(TestNGXmlTestSuite.java:75)
at org.apache.maven.surefire.testng.TestNGProvider.invoke(TestNGProvider.java:120)
at org.apache.maven.surefire.booter.ForkedBooter.invokeProviderInSameClassLoader(ForkedBooter.java:384)
at org.apache.maven.surefire.booter.ForkedBooter.runSuitesInProcess(ForkedBooter.java:345)
at org.apache.maven.surefire.booter.ForkedBooter.execute(ForkedBooter.java:126)
at org.apache.maven.surefire.booter.ForkedBooter.main(ForkedBooter.java:418)
]]>
            </full-stacktrace>
          </exception> <!-- java.lang.AssertionError -->
          <reporter-output>
          </reporter-output>
        </test-method> <!-- searchFlights -->
        <test-method status="PASS" signature="shutDown()[pri:0, instance:tests.FlightsTest@6e38921c]" name="shutDown" is-config="true" duration-ms="596" started-at="2019-05-12T11:57:25Z" finished-at="2019-05-12T11:57:25Z">
          <reporter-output>
          </reporter-output>
        </test-method> <!-- shutDown -->
      </class> <!-- tests.FlightsTest -->
    </test> <!-- FlightsTests -->
    <test name="TaxisTests" duration-ms="13927" started-at="2019-05-12T11:57:25Z" finished-at="2019-05-12T11:57:39Z">
      <class name="tests.TaxisTest">
        <test-method status="PASS" signature="searchTaxis()[pri:0, instance:tests.TaxisTest@59717824]" name="searchTaxis" duration-ms="13329" started-at="2019-05-12T11:57:25Z" finished-at="2019-05-12T11:57:38Z">
          <reporter-output>
          </reporter-output>
        </test-method> <!-- searchTaxis -->
        <test-method status="PASS" signature="shutDown()[pri:0, instance:tests.TaxisTest@59717824]" name="shutDown" is-config="true" duration-ms="598" started-at="2019-05-12T11:57:38Z" finished-at="2019-05-12T11:57:39Z">
          <reporter-output>
          </reporter-output>
        </test-method> <!-- shutDown -->
      </class> <!-- tests.TaxisTest -->
    </test> <!-- TaxisTests -->
  </suite> <!-- Suite1 -->
</testng-results>
